# JRE version: OpenJDK Runtime Environment (8.0_242) (build 1.8.0_242-release-1644-b3-6915495)
# Java VM: OpenJDK 64-Bit Server VM (25.242-b3-6915495 mixed mode bsd-amd64 compressed oops)
Heap:
 PSYoungGen      total 466432K, used 313973K [0x0000000761800000, 0x0000000789b80000, 0x00000007c0000000)
  eden space 429056K, 64% used [0x0000000761800000,0x0000000772620c10,0x000000077bb00000)
  from space 37376K, 99% used [0x0000000780380000,0x00000007827fc8b0,0x0000000782800000)
  to   space 74240K, 0% used [0x000000077bb00000,0x000000077bb00000,0x0000000780380000)
 ParOldGen       total 261632K, used 132829K [0x00000006a4800000, 0x00000006b4780000, 0x0000000761800000)
  object space 261632K, 50% used [0x00000006a4800000,0x00000006ac9b7558,0x00000006b4780000)
 Metaspace       used 89757K, capacity 94574K, committed 94680K, reserved 1130496K
  class space    used 12167K, capacity 13023K, committed 13056K, reserved 1048576K
GC Heap History (10 events):
Event: 11.618 GC heap before
{Heap before GC invocations=9 (full 2):
 PSYoungGen      total 327168K, used 202770K [0x0000000761800000, 0x000000077a300000, 0x00000007c0000000)
  eden space 311296K, 60% used [0x0000000761800000,0x000000076ce8b840,0x0000000774800000)
  from space 15872K, 99% used [0x0000000775b00000,0x0000000776a79210,0x0000000776a80000)
  to   space 19456K, 0% used [0x0000000774800000,0x0000000774800000,0x0000000775b00000)
 ParOldGen       total 169472K, used 16991K [0x00000006a4800000, 0x00000006aed80000, 0x0000000761800000)
  object space 169472K, 10% used [0x00000006a4800000,0x00000006a5897d70,0x00000006aed80000)
 Metaspace       used 56705K, capacity 59028K, committed 59096K, reserved 1099776K
  class space    used 7675K, capacity 8163K, committed 8192K, reserved 1048576K
Event: 11.647 GC heap after
Heap after GC invocations=9 (full 2):
 PSYoungGen      total 330752K, used 19428K [0x0000000761800000, 0x000000077ef00000, 0x00000007c0000000)
  eden space 311296K, 0% used [0x0000000761800000,0x0000000761800000,0x0000000774800000)
  from space 19456K, 99% used [0x0000000774800000,0x0000000775af9310,0x0000000775b00000)
  to   space 26112K, 0% used [0x000000077d580000,0x000000077d580000,0x000000077ef00000)
 ParOldGen       total 169472K, used 25032K [0x00000006a4800000, 0x00000006aed80000, 0x0000000761800000)
  object space 169472K, 14% used [0x00000006a4800000,0x00000006a6072298,0x00000006aed80000)
 Metaspace       used 56705K, capacity 59028K, committed 59096K, reserved 1099776K
  class space    used 7675K, capacity 8163K, committed 8192K, reserved 1048576K
}
Event: 11.647 GC heap before
{Heap before GC invocations=10 (full 3):
 PSYoungGen      total 330752K, used 19428K [0x0000000761800000, 0x000000077ef00000, 0x00000007c0000000)
  eden space 311296K, 0% used [0x0000000761800000,0x0000000761800000,0x0000000774800000)
  from space 19456K, 99% used [0x0000000774800000,0x0000000775af9310,0x0000000775b00000)
  to   space 26112K, 0% used [0x000000077d580000,0x000000077d580000,0x000000077ef00000)
 ParOldGen       total 169472K, used 25032K [0x00000006a4800000, 0x00000006aed80000, 0x0000000761800000)
  object space 169472K, 14% used [0x00000006a4800000,0x00000006a6072298,0x00000006aed80000)
 Metaspace       used 56705K, capacity 59028K, committed 59096K, reserved 1099776K
  class space    used 7675K, capacity 8163K, committed 8192K, reserved 1048576K
Event: 11.892 GC heap after
Heap after GC invocations=10 (full 3):
 PSYoungGen      total 330752K, used 0K [0x0000000761800000, 0x000000077ef00000, 0x00000007c0000000)
  eden space 311296K, 0% used [0x0000000761800000,0x0000000761800000,0x0000000774800000)
  from space 19456K, 0% used [0x0000000774800000,0x0000000774800000,0x0000000775b00000)
  to   space 26112K, 0% used [0x000000077d580000,0x000000077d580000,0x000000077ef00000)
 ParOldGen       total 261632K, used 41307K [0x00000006a4800000, 0x00000006b4780000, 0x0000000761800000)
  object space 261632K, 15% used [0x00000006a4800000,0x00000006a7056d48,0x00000006b4780000)
 Metaspace       used 56674K, capacity 58926K, committed 59096K, reserved 1099776K
  class space    used 7665K, capacity 8146K, committed 8192K, reserved 1048576K
}
Event: 17.624 GC heap before
{Heap before GC invocations=11 (full 3):
 PSYoungGen      total 330752K, used 311296K [0x0000000761800000, 0x000000077ef00000, 0x00000007c0000000)
  eden space 311296K, 100% used [0x0000000761800000,0x0000000774800000,0x0000000774800000)
  from space 19456K, 0% used [0x0000000774800000,0x0000000774800000,0x0000000775b00000)
  to   space 26112K, 0% used [0x000000077d580000,0x000000077d580000,0x000000077ef00000)
 ParOldGen       total 261632K, used 41307K [0x00000006a4800000, 0x00000006b4780000, 0x0000000761800000)
  object space 261632K, 15% used [0x00000006a4800000,0x00000006a7056d48,0x00000006b4780000)
 Metaspace       used 69664K, capacity 73400K, committed 73560K, reserved 1112064K
  class space    used 9597K, capacity 10293K, committed 10368K, reserved 1048576K
Event: 17.661 GC heap after
Heap after GC invocations=11 (full 3):
 PSYoungGen      total 426496K, used 26084K [0x0000000761800000, 0x000000077ef00000, 0x00000007c0000000)
  eden space 400384K, 0% used [0x0000000761800000,0x0000000761800000,0x0000000779f00000)
  from space 26112K, 99% used [0x000000077d580000,0x000000077eef9110,0x000000077ef00000)
  to   space 31744K, 0% used [0x000000077b100000,0x000000077b100000,0x000000077d000000)
 ParOldGen       total 261632K, used 44857K [0x00000006a4800000, 0x00000006b4780000, 0x0000000761800000)
  object space 261632K, 17% used [0x00000006a4800000,0x00000006a73ce528,0x00000006b4780000)
 Metaspace       used 69664K, capacity 73400K, committed 73560K, reserved 1112064K
  class space    used 9597K, capacity 10293K, committed 10368K, reserved 1048576K
}
Event: 23.775 GC heap before
{Heap before GC invocations=12 (full 3):
 PSYoungGen      total 426496K, used 426468K [0x0000000761800000, 0x000000077ef00000, 0x00000007c0000000)
  eden space 400384K, 100% used [0x0000000761800000,0x0000000779f00000,0x0000000779f00000)
  from space 26112K, 99% used [0x000000077d580000,0x000000077eef9110,0x000000077ef00000)
  to   space 31744K, 0% used [0x000000077b100000,0x000000077b100000,0x000000077d000000)
 ParOldGen       total 261632K, used 44857K [0x00000006a4800000, 0x00000006b4780000, 0x0000000761800000)
  object space 261632K, 17% used [0x00000006a4800000,0x00000006a73ce528,0x00000006b4780000)
 Metaspace       used 76002K, capacity 80098K, committed 80216K, reserved 1118208K
  class space    used 10301K, capacity 11026K, committed 11136K, reserved 1048576K
Event: 23.829 GC heap after
Heap after GC invocations=12 (full 3):
 PSYoungGen      total 450560K, used 31725K [0x0000000761800000, 0x0000000782800000, 0x00000007c0000000)
  eden space 418816K, 0% used [0x0000000761800000,0x0000000761800000,0x000000077b100000)
  from space 31744K, 99% used [0x000000077b100000,0x000000077cffb608,0x000000077d000000)
  to   space 37376K, 0% used [0x0000000780380000,0x0000000780380000,0x0000000782800000)
 ParOldGen       total 261632K, used 46823K [0x00000006a4800000, 0x00000006b4780000, 0x0000000761800000)
  object space 261632K, 17% used [0x00000006a4800000,0x00000006a75b9db0,0x00000006b4780000)
 Metaspace       used 76002K, capacity 80098K, committed 80216K, reserved 1118208K
  class space    used 10301K, capacity 11026K, committed 11136K, reserved 1048576K
}
Event: 28.031 GC heap before
{Heap before GC invocations=13 (full 3):
 PSYoungGen      total 450560K, used 450541K [0x0000000761800000, 0x0000000782800000, 0x00000007c0000000)
  eden space 418816K, 100% used [0x0000000761800000,0x000000077b100000,0x000000077b100000)
  from space 31744K, 99% used [0x000000077b100000,0x000000077cffb608,0x000000077d000000)
  to   space 37376K, 0% used [0x0000000780380000,0x0000000780380000,0x0000000782800000)
 ParOldGen       total 261632K, used 46823K [0x00000006a4800000, 0x00000006b4780000, 0x0000000761800000)
  object space 261632K, 17% used [0x00000006a4800000,0x00000006a75b9db0,0x00000006b4780000)
 Metaspace       used 85350K, capacity 89924K, committed 90200K, reserved 1126400K
  class space    used 11571K, capacity 12377K, committed 12416K, reserved 1048576K
Event: 28.176 GC heap after
Heap after GC invocations=13 (full 3):
 PSYoungGen      total 466432K, used 37362K [0x0000000761800000, 0x0000000789b80000, 0x00000007c0000000)
  eden space 429056K, 0% used [0x0000000761800000,0x0000000761800000,0x000000077bb00000)
  from space 37376K, 99% used [0x0000000780380000,0x00000007827fc8b0,0x0000000782800000)
  to   space 74240K, 0% used [0x000000077bb00000,0x000000077bb00000,0x0000000780380000)
 ParOldGen       total 261632K, used 132829K [0x00000006a4800000, 0x00000006b4780000, 0x0000000761800000)
  object space 261632K, 50% used [0x00000006a4800000,0x00000006ac9b7558,0x00000006b4780000)
 Metaspace       used 85350K, capacity 89924K, committed 90200K, reserved 1126400K
  class space    used 11571K, capacity 12377K, committed 12416K, reserved 1048576K
}

